packages/android/source/app/build/outputs/mapping/release/mapping.txt
# compiler: R8
# compiler_version: 2.1.86
# min_api: 19
# pg_map_id: 604d872
# common_typos_disable
in.spanion.splitify.twa.LauncherActivity -> in.spanion.splitify.twa.LauncherActivity:
    android.net.Uri getLaunchingUrl() -> g
...
com.google.androidbrowserhelper.trusted.QualityEnforcer -> com.google.androidbrowserhelper.trusted.s:
    com.google.androidbrowserhelper.trusted.QualityEnforcer$Delegate mDelegate -> a
    android.os.Bundle extraCallbackWithResult(java.lang.String,android.os.Bundle) -> b
    void lambda$new$0(java.lang.String) -> g
    void lambda$new$1(java.lang.String) -> h
com.google.androidbrowserhelper.trusted.QualityEnforcer$Delegate -> com.google.androidbrowserhelper.trusted.s$a:
    void crash(java.lang.String) -> a
com.google.androidbrowserhelper.trusted.SharedPreferencesTokenStore -> com.google.androidbrowserhelper.trusted.t:
    android.content.Context mContext -> a
    void store(androidx.browser.trusted.Token) -> a
    androidx.browser.trusted.Token load() -> b
com.google.androidbrowserhelper.trusted.SharingUtils -> com.google.androidbrowserhelper.trusted.u:
    boolean isShareIntent(android.content.Intent) -> a
    java.util.List parseAcceptedTypes(java.lang.Object) -> b
    java.util.List parseFiles(org.json.JSONArray) -> c
    androidx.browser.trusted.sharing.ShareTarget parseShareTargetJson(java.lang.String) -> d
    androidx.browser.trusted.sharing.ShareData retrieveShareDataFromIntent(android.content.Intent) -> e
com.google.androidbrowserhelper.trusted.TwaLauncher -> com.google.androidbrowserhelper.trusted.v:
    android.content.Context mContext -> a
    androidx.browser.trusted.TokenStore mTokenStore -> g
    androidx.browser.customtabs.CustomTabsSession mSession -> f
    com.google.androidbrowserhelper.trusted.TwaLauncher$FallbackStrategy WEBVIEW_FALLBACK_STRATEGY -> j
    com.google.androidbrowserhelper.trusted.TwaLauncher$TwaCustomTabsServiceConnection mServiceConnection -> e
    com.google.androidbrowserhelper.trusted.TwaLauncher$FallbackStrategy CCT_FALLBACK_STRATEGY -> i
    int mSessionId -> d
    boolean mDestroyed -> h
    java.lang.String mProviderPackage -> b
    int mLaunchMode -> c
    android.content.Context access$100(com.google.androidbrowserhelper.trusted.TwaLauncher) -> a
    java.lang.String access$200(com.google.androidbrowserhelper.trusted.TwaLauncher) -> b
    androidx.browser.customtabs.CustomTabsSession access$300(com.google.androidbrowserhelper.trusted.TwaLauncher) -> c
    androidx.browser.customtabs.CustomTabsSession access$302(com.google.androidbrowserhelper.trusted.TwaLauncher,androidx.browser.customtabs.CustomTabsSession) -> d
    int access$400(com.google.androidbrowserhelper.trusted.TwaLauncher) -> e
    void destroy() -> f
    java.lang.String getProviderPackage() -> g
    void lambda$launchTwa$2(androidx.browser.trusted.TrustedWebActivityIntentBuilder,com.google.androidbrowserhelper.trusted.splashscreens.SplashScreenStrategy,java.lang.Runnable) -> h
com.google.androidbrowserhelper.trusted.TwaLauncher$FallbackStrategy -> com.google.androidbrowserhelper.trusted.v$a:
    void launch(android.content.Context,androidx.browser.trusted.TrustedWebActivityIntentBuilder,java.lang.String,java.lang.Runnable) -> a
com.google.androidbrowserhelper.trusted.TwaLauncher$TwaCustomTabsServiceConnection -> com.google.androidbrowserhelper.trusted.v$b:
    java.lang.Runnable mOnSessionCreationFailedRunnable -> c
    java.lang.Runnable mOnSessionCreatedRunnable -> b
    androidx.browser.customtabs.CustomTabsCallback mCustomTabsCallback -> d
    com.google.androidbrowserhelper.trusted.TwaLauncher this$0 -> e
    void onCustomTabsServiceConnected(android.content.ComponentName,androidx.browser.customtabs.CustomTabsClient) -> a
    void access$000(com.google.androidbrowserhelper.trusted.TwaLauncher$TwaCustomTabsServiceConnection,java.lang.Runnable,java.lang.Runnable) -> c
    void setSessionCreationRunnables(java.lang.Runnable,java.lang.Runnable) -> d