packages/android/source/app/build/outputs/mapping/release/usage.txt
in.spanion.splitify.twa.R$mipmap
in.spanion.splitify.twa.R$color
in.spanion.splitify.twa.R$drawable
in.spanion.splitify.twa.R$integer
in.spanion.splitify.twa.R$styleable
in.spanion.splitify.twa.R$attr
in.spanion.splitify.twa.R$bool
in.spanion.splitify.twa.R
in.spanion.splitify.twa.R$id
in.spanion.splitify.twa.BuildConfig
in.spanion.splitify.twa.R$xml
in.spanion.splitify.twa.R$style
in.spanion.splitify.twa.R$string
in.spanion.splitify.twa.R$layout
in.spanion.splitify.twa.R$dimen
in.spanion.splitify.twa.R$raw
...
androidx.core.view.PointerIconCompat
androidx.core.widget.ScrollerCompat
androidx.core.provider.FontsContractCompat$4$7
androidx.annotation.ColorInt
androidx.core.app.AppComponentFactory
androidx.core.view.TintableBackgroundView
androidx.core.app.NotificationCompatExtras
androidx.core.view.ViewPropertyAnimatorListener
androidx.core.R$attr
androidx.annotation.ColorRes
androidx.core.net.TrafficStatsCompat
androidx.core.content.res.GrowingArrayUtils
androidx.browser.trusted.sharing.ShareTarget$Params:
    static androidx.browser.trusted.sharing.ShareTarget$Params fromBundle(android.os.Bundle)
    public static final java.lang.String KEY_TITLE
    public static final java.lang.String KEY_TEXT
    public static final java.lang.String KEY_FILES
androidx.core.view.ViewCompat$AccessibilityViewProperty
androidx.browser.customtabs.CustomTabsCallback:
    public static final int NAVIGATION_STARTED
    public static final int NAVIGATION_FINISHED
    public static final int NAVIGATION_FAILED
    public static final int NAVIGATION_ABORTED
    public static final int TAB_SHOWN
    public static final int TAB_HIDDEN
    public static final java.lang.String ONLINE_EXTRAS_KEY
androidx.core.app.ActivityOptionsCompat
androidx.annotation.IdRes
com.google.androidbrowserhelper.trusted.TwaLauncher:
    public void launch(android.net.Uri)
    public void launch(androidx.browser.trusted.TrustedWebActivityIntentBuilder,androidx.browser.customtabs.CustomTabsCallback,com.google.androidbrowserhelper.trusted.splashscreens.SplashScreenStrategy,java.lang.Runnable)
    private static final java.lang.String TAG
    private static final int DEFAULT_SESSION_ID
androidx.core.view.accessibility.AccessibilityNodeProviderCompat$AccessibilityNodeProviderApi19
androidx.core.app.NotificationCompat$Action$Extender
androidx.core.view.ViewCompat$5
androidx.core.text.ICUCompat
androidx.core.os.ParcelableCompatCreatorCallbacks
androidx.core.provider.FontsContractCompat$1
androidx.core.util.Pair
com.google.androidbrowserhelper.trusted.splashscreens.SplashImageTransferTask:
    private static final java.lang.String TAG
    private static final java.lang.String FOLDER_NAME
    private static final java.lang.String FILE_NAME
    private static final java.lang.String PREFS_FILE
    private static final java.lang.String PREF_LAST_UPDATE_TIME
androidx.core.text.PrecomputedTextCompat
androidx.collection.CircularIntArray
com.google.androidbrowserhelper.trusted.LauncherActivityMetadata:
    private static final java.lang.String TAG
    private static final java.lang.String METADATA_DEFAULT_URL
    private static final java.lang.String METADATA_STATUS_BAR_COLOR_ID
    private static final java.lang.String METADATA_STATUS_BAR_COLOR_DARK_ID
    private static final java.lang.String METADATA_NAVIGATION_BAR_COLOR_ID
    private static final java.lang.String METADATA_NAVIGATION_BAR_COLOR_DARK_ID
    private static final java.lang.String METADATA_NAVIGATION_BAR_DIVIDER_COLOR_ID
    private static final java.lang.String METADATA_NAVIGATION_BAR_DIVIDER_COLOR_DARK_ID
    private static final java.lang.String METADATA_SPLASH_IMAGE_DRAWABLE_ID
    private static final java.lang.String METADATA_SPLASH_SCREEN_BACKGROUND_COLOR
    private static final java.lang.String METADATA_SPLASH_SCREEN_FADE_OUT_DURATION
    private static final java.lang.String METADATA_FILE_PROVIDER_AUTHORITY
    private static final java.lang.String METADATA_SHARE_TARGET
    private static final java.lang.String METADATA_ADDITIONAL_TRUSTED_ORIGINS
    private static final java.lang.String METADATA_FALLBACK_STRATEGY
    private static final java.lang.String METADATA_DISPLAY_MODE
    private static final java.lang.String METADATA_SCREEN_ORIENTATION
    private static final int DEFAULT_COLOR_ID
    private static final int DEFAULT_DIVIDER_COLOR_ID
androidx.browser.trusted.ConnectionHolder
android.support.customtabs.IPostMessageService$Default